
/home/runner/work/exp-ventilation-system-iitkgp/exp-ventilation-system-iitkgp/experiment/simulation/js/jquery-1.7.1.min.js
  2:820    warning  Empty block statement                                            no-empty
  2:877    warning  Empty block statement                                            no-empty
  2:4720   warning  'b' is defined but never used                                    no-unused-vars
  2:5126   warning  'd' is defined but never used                                    no-unused-vars
  2:5302   warning  'd' is defined but never used                                    no-unused-vars
  2:6027   warning  Empty block statement                                            no-empty
  2:6428   warning  Unnecessary escape character: \-                                 no-useless-escape
  2:6523   warning  Unnecessary escape character: \/                                 no-useless-escape
  2:6608   warning  Unnecessary escape character: \-                                 no-useless-escape
  2:6658   warning  Unnecessary escape character: \/                                 no-useless-escape
  2:6697   warning  Unnecessary escape character: \/                                 no-useless-escape
  2:10196  warning  Empty block statement                                            no-empty
  2:11255  warning  'ActiveXObject' is not defined                                   no-undef
  2:14574  warning  'i' is defined but never used                                    no-unused-vars
  2:16984  warning  'h' is assigned a value but never used                           no-unused-vars
  2:17279  warning  'm' is defined but never used                                    no-unused-vars
  2:17312  warning  'r' is assigned a value but never used                           no-unused-vars
  2:19399  warning  'g' is defined but never used                                    no-unused-vars
  2:21309  warning  Redundant double negation                                        no-extra-boolean-cast
  2:21836  warning  Redundant double negation                                        no-extra-boolean-cast
  2:24565  warning  'c' is assigned a value but never used                           no-unused-vars
  2:24675  warning  Expected a conditional expression and instead saw an assignment  no-cond-assign
  2:25416  warning  Empty block statement                                            no-empty
  2:26513  warning  Expected a conditional expression and instead saw an assignment  no-cond-assign
  2:26963  warning  Redundant double negation                                        no-extra-boolean-cast
  2:31862  warning  Unnecessary escape character: \.                                 no-useless-escape
  2:31999  warning  Unnecessary escape character: \-                                 no-useless-escape
  2:32015  warning  Unnecessary escape character: \-                                 no-useless-escape
  3:56     warning  'q' is defined but never used                                    no-unused-vars
  3:3638   warning  't' is defined but never used                                    no-unused-vars
  3:7367   warning  'g' is assigned a value but never used                           no-unused-vars
  3:11980  warning  Unnecessary escape character: \[                                 no-useless-escape
  3:12006  warning  Unnecessary escape character: \[                                 no-useless-escape
  3:12031  warning  Unnecessary escape character: \[                                 no-useless-escape
  3:13787  warning  Expected a conditional expression and instead saw an assignment  no-cond-assign
  3:15016  warning  Expected a conditional expression and instead saw an assignment  no-cond-assign
  3:15136  warning  Unnecessary escape character: \-                                 no-useless-escape
  3:15177  warning  Unnecessary escape character: \-                                 no-useless-escape
  3:15227  warning  Unnecessary escape character: \-                                 no-useless-escape
  3:15277  warning  Unnecessary escape character: \-                                 no-useless-escape
  3:15341  warning  Unnecessary escape character: \-                                 no-useless-escape
  3:15388  warning  Unnecessary escape character: \*                                 no-useless-escape
  3:15390  warning  Unnecessary escape character: \-                                 no-useless-escape
  3:15460  warning  Unnecessary escape character: \-                                 no-useless-escape
  3:15473  warning  Unnecessary escape character: \-                                 no-useless-escape
  3:15491  warning  Unnecessary escape character: \-                                 no-useless-escape
  3:15572  warning  Unnecessary escape character: \-                                 no-useless-escape
  3:15609  warning  Unnecessary escape character: \-                                 no-useless-escape
  3:15639  warning  Unnecessary escape character: \)                                 no-useless-escape
  3:15648  warning  Unnecessary escape character: \(                                 no-useless-escape
  3:15650  warning  Unnecessary escape character: \)                                 no-useless-escape
  3:15970  warning  Expected a conditional expression and instead saw an assignment  no-cond-assign
  3:17350  warning  'b' is defined but never used                                    no-unused-vars
  3:17505  warning  Unnecessary escape character: \-                                 no-useless-escape
  3:20157  warning  'h' is defined but never used                                    no-unused-vars
  3:20213  warning  Expected a conditional expression and instead saw an assignment  no-cond-assign
  3:20288  warning  Expected a 'break' statement before 'case'                       no-fallthrough
  3:20305  warning  Expected a conditional expression and instead saw an assignment  no-cond-assign
  3:21442  warning  Unnecessary escape character: \[                                 no-useless-escape
  3:21454  warning  Unnecessary escape character: \(                                 no-useless-escape
  3:23990  warning  Unnecessary escape character: \-                                 no-useless-escape
  3:24003  warning  Unnecessary escape character: \-                                 no-useless-escape
  3:24412  warning  Empty block statement                                            no-empty
  3:24694  warning  Empty block statement                                            no-empty
  3:25075  warning  Unnecessary escape character: \=                                 no-useless-escape
  3:25256  warning  Empty block statement                                            no-empty
  3:26114  warning  Expected a conditional expression and instead saw an assignment  no-cond-assign
  3:26509  warning  Unnecessary escape character: \[                                 no-useless-escape
  3:26511  warning  Unnecessary escape character: \.                                 no-useless-escape
  3:29597  warning  'd' is defined but never used                                    no-unused-vars
  3:30269  warning  Unnecessary escape character: \-                                 no-useless-escape
  3:30271  warning  Unnecessary escape character: \-                                 no-useless-escape
  4:5068   warning  Unnecessary escape character: \-                                 no-useless-escape
  4:5076   warning  Unnecessary escape character: \-                                 no-useless-escape
  4:6100   warning  Empty block statement                                            no-empty
  4:8493   warning  Unnecessary escape character: \-                                 no-useless-escape
  4:8505   warning  Unnecessary escape character: \-                                 no-useless-escape
  4:8697   warning  Unnecessary escape character: \+                                 no-useless-escape
  4:8699   warning  Unnecessary escape character: \.                                 no-useless-escape
  4:8701   warning  Unnecessary escape character: \-                                 no-useless-escape
  4:8717   warning  Unnecessary escape character: \/                                 no-useless-escape
  4:9799   warning  'c' is defined but never used                                    no-unused-vars
  4:11116  warning  Expected a conditional expression and instead saw an assignment  no-cond-assign
  4:11178  warning  Expected a conditional expression and instead saw an assignment  no-cond-assign
  4:12065  warning  Expected a conditional expression and instead saw an assignment  no-cond-assign
  4:14424  warning  Unnecessary escape character: \=                                 no-useless-escape
  4:16789  warning  Empty block statement                                            no-empty
  4:17420  warning  Unnecessary escape character: \-                                 no-useless-escape
  4:17432  warning  Unnecessary escape character: \-                                 no-useless-escape
  4:24520  warning  Empty block statement                                            no-empty
  4:25630  warning  'e' is assigned a value but never used                           no-unused-vars
  4:28559  warning  'define' is not defined                                          no-undef
  4:28571  warning  'define' is not defined                                          no-undef
  4:28590  warning  'define' is not defined                                          no-undef

/home/runner/work/exp-ventilation-system-iitkgp/exp-ventilation-system-iitkgp/experiment/simulation/js/main.js
    1:1    warning  '$' is not defined                       no-undef
   25:3    warning  '$' is not defined                       no-undef
   40:3    warning  '$' is not defined                       no-undef
   46:2    warning  '$' is not defined                       no-undef
   47:15   warning  '$' is not defined                       no-undef
   47:22   warning  '$' is not defined                       no-undef
   53:5    warning  '$' is not defined                       no-undef
   54:5    warning  '$' is not defined                       no-undef
   63:2    warning  '$' is not defined                       no-undef
   64:18   warning  '$' is not defined                       no-undef
   65:7    warning  'id' is assigned a value but never used  no-unused-vars
   65:12   warning  '$' is not defined                       no-undef
   66:13   warning  '$' is not defined                       no-undef
   69:4    warning  '$' is not defined                       no-undef
   70:4    warning  '$' is not defined                       no-undef
   74:5    warning  '$' is not defined                       no-undef
   75:5    warning  '$' is not defined                       no-undef
   78:6    warning  '$' is not defined                       no-undef
   80:6    warning  '$' is not defined                       no-undef
   81:6    warning  '$' is not defined                       no-undef
   85:9    warning  'vel_red' is already defined             no-redeclare
   86:5    warning  '$' is not defined                       no-undef
   87:5    warning  '$' is not defined                       no-undef
   89:22   warning  '$' is not defined                       no-undef
   91:6    warning  '$' is not defined                       no-undef
   92:6    warning  '$' is not defined                       no-undef
   99:2    warning  '$' is not defined                       no-undef
  100:3    warning  '$' is not defined                       no-undef
  101:3    warning  '$' is not defined                       no-undef
  103:33   warning  '$' is not defined                       no-undef
  103:77   warning  '$' is not defined                       no-undef
  103:121  warning  '$' is not defined                       no-undef
  105:3    warning  '$' is not defined                       no-undef
  106:3    warning  '$' is not defined                       no-undef
  107:3    warning  '$' is not defined                       no-undef
  108:3    warning  '$' is not defined                       no-undef
  110:3    warning  '$' is not defined                       no-undef
  117:3    warning  '$' is not defined                       no-undef
  122:2    warning  '$' is not defined                       no-undef
  123:3    warning  '$' is not defined                       no-undef
  124:3    warning  '$' is not defined                       no-undef
  126:33   warning  '$' is not defined                       no-undef
  126:76   warning  '$' is not defined                       no-undef
  126:119  warning  '$' is not defined                       no-undef
  129:3    warning  '$' is not defined                       no-undef
  130:3    warning  '$' is not defined                       no-undef
  131:3    warning  '$' is not defined                       no-undef
  132:3    warning  '$' is not defined                       no-undef
  133:3    warning  '$' is not defined                       no-undef
  134:3    warning  '$' is not defined                       no-undef
  140:2    warning  '$' is not defined                       no-undef
  141:3    warning  '$' is not defined                       no-undef
  142:3    warning  '$' is not defined                       no-undef
  143:3    warning  '$' is not defined                       no-undef
  148:2    warning  '$' is not defined                       no-undef
  153:27   warning  '$' is not defined                       no-undef
  154:27   warning  '$' is not defined                       no-undef
  155:27   warning  '$' is not defined                       no-undef
  156:27   warning  '$' is not defined                       no-undef
  161:3    warning  '$' is not defined                       no-undef
  164:3    warning  '$' is not defined                       no-undef
  170:3    warning  '$' is not defined                       no-undef
  171:3    warning  '$' is not defined                       no-undef

/home/runner/work/exp-ventilation-system-iitkgp/exp-ventilation-system-iitkgp/experiment/simulation/js/modernizr-1.5.min.js
  12:496  warning  Expected a conditional expression and instead saw an assignment  no-cond-assign
  20:134  warning  Unexpected constant condition                                    no-constant-condition
  25:51   warning  Expected a conditional expression and instead saw an assignment  no-cond-assign

✖ 160 problems (0 errors, 160 warnings)
  0 errors and 3 warnings potentially fixable with the `--fix` option.

